\BOOKMARK [1][-]{section.1}{\376\377\126\376\213\272}{}% 1
\BOOKMARK [2][-]{subsection.1.1}{\376\377\147\000\167\355\215\357}{section.1}% 2
\BOOKMARK [3][-]{subsubsection.1.1.1}{\376\377\130\006\117\030\123\026\000D\000i\000j\000k\000s\000t\000r\000a}{subsection.1.1}% 3
\BOOKMARK [3][-]{subsubsection.1.1.2}{spfa}{subsection.1.1}% 4
\BOOKMARK [3][-]{subsubsection.1.1.3}{\376\377\000f\000l\000o\000y\000d\154\102\117\040\220\022\225\355\123\005}{subsection.1.1}% 5
\BOOKMARK [3][-]{subsubsection.1.1.4}{\376\377\000f\000l\000o\000y\000d\154\102\147\000\134\017\163\257}{subsection.1.1}% 6
\BOOKMARK [3][-]{subsubsection.1.1.5}{\376\377\000j\000o\000h\000n\000s\000o\000n\121\150\156\220\147\000\167\355\215\357}{subsection.1.1}% 7
\BOOKMARK [3][-]{subsubsection.1.1.6}{\376\377\135\356\122\006\176\246\147\137\174\373\176\337}{subsection.1.1}% 8
\BOOKMARK [3][-]{subsubsection.1.1.7}{\376\377\176\317\121\170\117\213\230\230}{subsection.1.1}% 9
\BOOKMARK [3][-]{subsubsection.1.1.8}{\376\377\000S\000C\000O\000I\0002\0000\0001\0001\000\040\174\326\147\234}{subsection.1.1}% 10
\BOOKMARK [3][-]{subsubsection.1.1.9}{16\040ccpc\040final\040G}{subsection.1.1}% 11
\BOOKMARK [3][-]{subsubsection.1.1.10}{\376\377\120\015\147\100\155\113\221\317\200\005}{subsection.1.1}% 12
\BOOKMARK [2][-]{subsection.1.2}{\376\377\177\121\176\334\155\101}{section.1}% 13
\BOOKMARK [3][-]{subsubsection.1.2.1}{DICNIC}{subsection.1.2}% 14
\BOOKMARK [3][-]{subsubsection.1.2.2}{ISAP}{subsection.1.2}% 15
\BOOKMARK [3][-]{subsubsection.1.2.3}{MCMF}{subsection.1.2}% 16
\BOOKMARK [3][-]{subsubsection.1.2.4}{\376\377\136\070\211\301\140\035\215\357}{subsection.1.2}% 17
\BOOKMARK [2][-]{subsection.1.3}{\376\377\123\071\221\115\225\356\230\230}{section.1}% 18
\BOOKMARK [3][-]{subsubsection.1.3.1}{\376\377\123\010\162\131\122\051}{subsection.1.3}% 19
\BOOKMARK [3][-]{subsubsection.1.3.2}{HK}{subsection.1.3}% 20
\BOOKMARK [3][-]{subsubsection.1.3.3}{KM-DFS}{subsection.1.3}% 21
\BOOKMARK [3][-]{subsubsection.1.3.4}{KM-BFS}{subsection.1.3}% 22
\BOOKMARK [3][-]{subsubsection.1.3.5}{\376\377\136\046\202\261\150\021}{subsection.1.3}% 23
\BOOKMARK [3][-]{subsubsection.1.3.6}{\376\377\172\063\133\232\132\132\131\373\225\356\230\230}{subsection.1.3}% 24
\BOOKMARK [3][-]{subsubsection.1.3.7}{\376\377\136\070\211\301\140\035\215\357}{subsection.1.3}% 25
\BOOKMARK [2][-]{subsection.1.4}{2-SAT}{section.1}% 26
\BOOKMARK [3][-]{subsubsection.1.4.1}{\376\377\217\223\121\372\116\373\141\017\211\343}{subsection.1.4}% 27
\BOOKMARK [3][-]{subsubsection.1.4.2}{\376\377\217\223\121\372\133\127\121\170\136\217\147\000\134\017\211\343}{subsection.1.4}% 28
\BOOKMARK [3][-]{subsubsection.1.4.3}{\376\377\140\035\215\357}{subsection.1.4}% 29
\BOOKMARK [3][-]{subsubsection.1.4.4}{\376\377\176\317\121\170\117\213\230\230}{subsection.1.4}% 30
\BOOKMARK [3][-]{subsubsection.1.4.5}{UVA\04011930}{subsection.1.4}% 31
\BOOKMARK [3][-]{subsubsection.1.4.6}{cf27D}{subsection.1.4}% 32
\BOOKMARK [2][-]{subsection.1.5}{\376\377\137\072\217\336\220\032}{section.1}% 33
\BOOKMARK [3][-]{subsubsection.1.5.1}{\376\377\147\011\124\021\123\357\147\011\163\257\126\376}{subsection.1.5}% 34
\BOOKMARK [2][-]{subsection.1.6}{\376\377\123\314\217\336\220\032}{section.1}% 35
\BOOKMARK [3][-]{subsubsection.1.6.1}{\376\377\122\162\160\271\000\040\150\145}{subsection.1.6}% 36
\BOOKMARK [3][-]{subsubsection.1.6.2}{\376\377\202\071\145\260\162\110\147\054}{subsection.1.6}% 37
\BOOKMARK [3][-]{subsubsection.1.6.3}{\376\377\140\035\215\357}{subsection.1.6}% 38
\BOOKMARK [3][-]{subsubsection.1.6.4}{\376\377\176\317\121\170\117\213\230\230}{subsection.1.6}% 39
\BOOKMARK [3][-]{subsubsection.1.6.5}{POJ\0402942}{subsection.1.6}% 40
\BOOKMARK [3][-]{subsubsection.1.6.6}{UVA\04010972}{subsection.1.6}% 41
\BOOKMARK [3][-]{subsubsection.1.6.7}{T103492}{subsection.1.6}% 42
\BOOKMARK [3][-]{subsubsection.1.6.8}{P1407}{subsection.1.6}% 43
\BOOKMARK [2][-]{subsection.1.7}{\376\377\153\047\142\311\126\336\215\357}{section.1}% 44
\BOOKMARK [3][-]{subsubsection.1.7.1}{\376\377\152\041\147\177}{subsection.1.7}% 45
\BOOKMARK [3][-]{subsubsection.1.7.2}{\376\377\167\345\213\306\160\271}{subsection.1.7}% 46
\BOOKMARK [3][-]{subsubsection.1.7.3}{\376\377\176\317\121\170\117\213\230\230}{subsection.1.7}% 47
\BOOKMARK [3][-]{subsubsection.1.7.4}{cf\04021D}{subsection.1.7}% 48
\BOOKMARK [2][-]{subsection.1.8}{LCA}{section.1}% 49
\BOOKMARK [3][-]{subsubsection.1.8.1}{\376\377\000S\000T\210\150}{subsection.1.8}% 50
\BOOKMARK [3][-]{subsubsection.1.8.2}{\376\377\171\273\176\277}{subsection.1.8}% 51
\BOOKMARK [2][-]{subsection.1.9}{\376\377\147\000\131\047\126\342}{section.1}% 52
\BOOKMARK [3][-]{subsubsection.1.9.1}{Bron-Kerbosch}{subsection.1.9}% 53
\BOOKMARK [3][-]{subsubsection.1.9.2}{\376\377\136\070\211\301\140\035\215\357}{subsection.1.9}% 54
\BOOKMARK [2][-]{subsection.1.10}{\376\377\142\323\142\121\143\222\136\217}{section.1}% 55
\BOOKMARK [3][-]{subsubsection.1.10.1}{toposort}{subsection.1.10}% 56
\BOOKMARK [1][-]{section.2}{\376\377\213\241\173\227\121\340\117\125}{}% 57
\BOOKMARK [2][-]{subsection.2.1}{\376\377\160\271}{section.2}% 58
\BOOKMARK [2][-]{subsection.2.2}{\376\377\176\277}{section.2}% 59
\BOOKMARK [2][-]{subsection.2.3}{\376\377\127\006}{section.2}% 60
\BOOKMARK [2][-]{subsection.2.4}{\376\377\131\032\217\271\137\142}{section.2}% 61
\BOOKMARK [2][-]{subsection.2.5}{\376\377\123\112\136\163\227\142\116\244}{section.2}% 62
\BOOKMARK [2][-]{subsection.2.6}{function}{section.2}% 63
\BOOKMARK [2][-]{subsection.2.7}{\376\377\154\350\141\017\160\271}{section.2}% 64
\BOOKMARK [2][-]{subsection.2.8}{\376\377\136\070\121\372\163\260\166\204\152\041\127\213}{section.2}% 65
\BOOKMARK [2][-]{subsection.2.9}{\376\377\131\107\140\052\166\204\142\200\135\347}{section.2}% 66
\BOOKMARK [2][-]{subsection.2.10}{\376\377\121\370\123\005}{section.2}% 67
\BOOKMARK [3][-]{subsubsection.2.10.1}{\376\377\122\044\145\255\146\057\124\046\146\057\172\063\133\232\121\370\123\005}{subsection.2.10}% 68
\BOOKMARK [2][-]{subsection.2.11}{\376\377\145\313\217\154\123\141\130\363}{section.2}% 69
\BOOKMARK [3][-]{subsubsection.2.11.1}{\376\377\000S\000C\000O\000I\0002\0000\0000\0007\000\040\147\000\131\047\127\037\127\060\227\142\171\357}{subsection.2.11}% 70
\BOOKMARK [2][-]{subsection.2.12}{\376\377\142\153\143\317\176\277}{section.2}% 71
\BOOKMARK [3][-]{subsubsection.2.12.1}{\376\377\167\351\137\142\227\142\171\357\116\244\000\040\000h\000d\000u\0001\0002\0005\0005}{subsection.2.12}% 72
\BOOKMARK [3][-]{subsubsection.2.12.2}{\376\377\227\142\171\357\136\166\000\040\127\120\150\007\000d\000o\000u\000b\000l\000e\162\110}{subsection.2.12}% 73
\BOOKMARK [3][-]{subsubsection.2.12.3}{\376\377\227\142\171\357\136\166\000\040\127\120\150\007\000i\0006\0004\162\110\000\040\000O\000\050\000n\000l\000g\000n\000\051}{subsection.2.12}% 74
\BOOKMARK [3][-]{subsubsection.2.12.4}{\376\377\124\150\225\177\136\166\000\040\000O\000\050\000n\000l\000g\000n\000\051}{subsection.2.12}% 75
\BOOKMARK [2][-]{subsection.2.13}{\376\377\123\112\136\163\227\142\116\244}{section.2}% 76
\BOOKMARK [3][-]{subsubsection.2.13.1}{\376\377\176\317\121\170\117\213\230\230}{subsection.2.13}% 77
\BOOKMARK [3][-]{subsubsection.2.13.2}{codechef\040ALLPOLY}{subsection.2.13}% 78
\BOOKMARK [2][-]{subsection.2.14}{\376\377\116\015\167\345\220\123\122\006\127\050\124\352\116\000\174\173}{section.2}% 79
\BOOKMARK [3][-]{subsubsection.2.14.1}{\376\377\176\317\121\170\117\213\230\230}{subsection.2.14}% 80
\BOOKMARK [3][-]{subsubsection.2.14.2}{cf\040598C}{subsection.2.14}% 81
\BOOKMARK [3][-]{subsubsection.2.14.3}{\376\377\0002\0000\0002\0000\000Z\000J\167\001\215\133\000\040\000H}{subsection.2.14}% 82
\BOOKMARK [1][-]{section.3}{\376\377\145\160\143\156\176\323\147\204}{}% 83
\BOOKMARK [2][-]{subsection.3.1}{\376\377\176\277\153\265\150\021}{section.3}% 84
\BOOKMARK [3][-]{subsubsection.3.1.1}{\376\377\176\277\153\265\150\021\000\137\123\072\225\364\124\010\136\166\000\040\000h\000o\000t\000e\000l}{subsection.3.1}% 85
\BOOKMARK [2][-]{subsection.3.2}{\376\377\150\021\162\266\145\160\176\304}{section.3}% 86
\BOOKMARK [3][-]{subsubsection.3.2.1}{\376\377\220\006\136\217\133\371}{subsection.3.2}% 87
\BOOKMARK [2][-]{subsection.3.3}{\376\377\116\073\136\055\150\021}{section.3}% 88
\BOOKMARK [3][-]{subsubsection.3.3.1}{\376\377\227\131\140\001\147\345\213\342\123\072\225\364\173\054\000k\131\047}{subsection.3.3}% 89
\BOOKMARK [3][-]{subsubsection.3.3.2}{\376\377\122\250\140\001\147\345\213\342\123\072\225\364\173\054\000k\131\047}{subsection.3.3}% 90
\BOOKMARK [2][-]{subsection.3.4}{\376\377\133\127\121\170\150\021}{section.3}% 91
\BOOKMARK [3][-]{subsubsection.3.4.1}{\376\377\000t\000r\000i\000e\150\021}{subsection.3.4}% 92
\BOOKMARK [1][-]{section.4}{\376\377\133\127\173\046\116\062}{}% 93
\BOOKMARK [2][-]{subsection.4.1}{KMP}{section.4}% 94
\BOOKMARK [2][-]{subsection.4.2}{exKMP}{section.4}% 95
\BOOKMARK [2][-]{subsection.4.3}{Manacher}{section.4}% 96
\BOOKMARK [1][-]{section.5}{dp}{}% 97
\BOOKMARK [2][-]{subsection.5.1}{\376\377\150\021\137\142\000d\000p}{section.5}% 98
\BOOKMARK [3][-]{subsubsection.5.1.1}{\376\377\150\021\166\204\221\315\137\303}{subsection.5.1}% 99
\BOOKMARK [3][-]{subsubsection.5.1.2}{\376\377\150\021\116\012\147\000\217\334\215\335\171\273}{subsection.5.1}% 100
\BOOKMARK [1][-]{section.6}{\376\377\150\021\116\012\225\356\230\230}{}% 101
\BOOKMARK [2][-]{subsection.6.1}{\376\377\150\021\166\204\166\364\137\204}{section.6}% 102
\BOOKMARK [1][-]{section.7}{STL}{}% 103
\BOOKMARK [2][-]{subsection.7.1}{\376\377\201\352\133\232\116\111\143\222\136\217}{section.7}% 104
\BOOKMARK [2][-]{subsection.7.2}{nth_element}{section.7}% 105
\BOOKMARK [1][-]{section.8}{\376\377\121\166\116\326\225\356\230\230}{}% 106
\BOOKMARK [2][-]{subsection.8.1}{\376\377\000S\000T\210\150}{section.8}% 107
\BOOKMARK [3][-]{subsubsection.8.1.1}{\376\377\000S\000T\210\150}{subsection.8.1}% 108
\BOOKMARK [2][-]{subsection.8.2}{\376\377\203\253\226\037}{section.8}% 109
\BOOKMARK [3][-]{subsubsection.8.2.1}{\376\377\131\015\147\102\136\246}{subsection.8.2}% 110
\BOOKMARK [3][-]{subsubsection.8.2.2}{\376\377\146\156\220\032\203\253\226\037\000\040\000L\000O\000J\000\040\0001\0001\0008\0008\000\040\000O\000\050\150\071\123\367\000n\116\130\000q\000\051}{subsection.8.2}% 111
\BOOKMARK [3][-]{subsubsection.8.2.3}{\376\377\136\046\117\356\145\071\203\253\226\037\000\040\000c\000f\000\040\0009\0004\0000\000F}{subsection.8.2}% 112
\BOOKMARK [2][-]{subsection.8.3}{\376\377\116\214\122\006\154\350\141\017\160\271}{section.8}% 113
\BOOKMARK [2][-]{subsection.8.4}{LIS}{section.8}% 114
\BOOKMARK [2][-]{subsection.8.5}{\376\377\134\072\123\326\154\325}{section.8}% 115
\BOOKMARK [2][-]{subsection.8.6}{\376\377\123\125\214\003\226\037\122\027}{section.8}% 116
\BOOKMARK [2][-]{subsection.8.7}{\376\377\116\000\123\345\213\335\123\273\221\315\000\040\136\166\165\037\142\020\145\260\145\160\176\304}{section.8}% 117
\BOOKMARK [2][-]{subsection.8.8}{\376\377\217\223\121\145\116\000\210\114\167\013\147\011\131\032\134\021\116\052\145\160}{section.8}% 118
\BOOKMARK [2][-]{subsection.8.9}{\376\377\147\000\134\017\377\010\131\047\377\011\210\150\171\072\154\325}{section.8}% 119
\BOOKMARK [2][-]{subsection.8.10}{\376\377\226\217\147\072\145\160}{section.8}% 120
\BOOKMARK [2][-]{subsection.8.11}{\376\377\217\223\121\145\145\345\147\037\217\223\121\372\124\150\121\340}{section.8}% 121
\BOOKMARK [1][-]{section.9}{\376\377\236\321\171\321\142\200}{}% 122
\BOOKMARK [2][-]{subsection.9.1}{IO}{section.9}% 123
\BOOKMARK [3][-]{subsubsection.9.1.1}{\376\377\137\353\213\373\152\041\147\177}{subsection.9.1}% 124
\BOOKMARK [3][-]{subsubsection.9.1.2}{\376\377\000\137\000\137\000i\000n\000t\0001\0002\0008\000\040\217\223\121\145\217\223\121\372\152\041\147\177}{subsection.9.1}% 125
\BOOKMARK [2][-]{subsection.9.2}{istringstream}{section.9}% 126
\BOOKMARK [2][-]{subsection.9.3}{\376\377\000u\000n\000o\000r\000d\000e\000r\000e\000d\000\137\000m\000a\000p\000\040\226\062\000h\000a\000c\000k\152\041\147\177}{section.9}% 127
\BOOKMARK [2][-]{subsection.9.4}{\376\377\147\134\145\131\000B\000M}{section.9}% 128
\BOOKMARK [2][-]{subsection.9.5}{\376\377\152\041\142\337\220\000\160\153}{section.9}% 129
\BOOKMARK [1][-]{section.10}{\376\377\131\047\145\160}{}% 130
\BOOKMARK [2][-]{subsection.10.1}{java}{section.10}% 131
\BOOKMARK [3][-]{subsubsection.10.1.1}{\376\377\127\121\160\271}{subsection.10.1}% 132
\BOOKMARK [3][-]{subsubsection.10.1.2}{\376\377\217\223\121\145}{subsection.10.1}% 133
\BOOKMARK [3][-]{subsubsection.10.1.3}{\376\377\154\350\141\017\160\271}{subsection.10.1}% 134
\BOOKMARK [2][-]{subsection.10.2}{python}{section.10}% 135
\BOOKMARK [3][-]{subsubsection.10.2.1}{python}{subsection.10.2}% 136
